<?xml version="1.0" encoding="UTF-8"?>
<!-- Generated by org.testng.reporters.JUnitReportReporter -->
<testsuite skipped="0" hostname="DESKTOP-DFSPGA3" name="com.servicenow.test.SN_MainTest" tests="1" failures="0" timestamp="19 Mar 2019 17:58:26 GMT" time="34.210" errors="0">
  <testcase name="sn_IncidentTest" time="34.210" classname="com.servicenow.test.SN_MainTest"/>
</testsuite> <!-- com.servicenow.test.SN_MainTest -->
