<?xml version="1.0" encoding="UTF-8"?>
<!-- Generated by org.testng.reporters.JUnitReportReporter -->
<testsuite skipped="0" hostname="SYNPUNDTC302225" name="com.servicenow.test.SN_MainTest" tests="1" failures="0" timestamp="25 Mar 2019 14:42:46 GMT" time="169.958" errors="0">
  <testcase name="sn_IncidentTest" time="169.958" classname="com.servicenow.test.SN_MainTest"/>
</testsuite> <!-- com.servicenow.test.SN_MainTest -->
