<?xml version="1.0" encoding="UTF-8"?>
<!-- Generated by org.testng.reporters.JUnitReportReporter -->
<testsuite skipped="0" hostname="DESKTOP-DFSPGA3" name="com.servicenow.test.SN_001" tests="1" failures="0" timestamp="18 Mar 2019 16:46:54 GMT" time="10.486" errors="0">
  <testcase name="test" time="10.486" classname="com.servicenow.test.SN_001"/>
</testsuite> <!-- com.servicenow.test.SN_001 -->
